# JRE version: OpenJDK Runtime Environment Temurin-17.0.7+7 (17.0.7+7) (build 17.0.7+7)
# Java VM: OpenJDK 64-Bit Server VM Temurin-17.0.7+7 (17.0.7+7, mixed mode, tiered, compressed oops, compressed class ptrs, parallel gc, windows-amd64)
GC Precious Log:
 CPUs: 16 total, 16 available
 Memory: 14188M
 Large Page Support: Disabled
 NUMA Support: Disabled
 Compressed Oops: Enabled (32-bit)
 Alignments: Space 512K, Generation 512K, Heap 2M
 Heap Min Capacity: 100M
 Heap Initial Capacity: 100M
 Heap Max Capacity: 1G
 Pre-touch: Disabled
 Parallel Workers: 13
Heap:
 PSYoungGen      total 2048K, used 990K [0x00000000eab00000, 0x00000000eaf80000, 0x0000000100000000)
  eden space 1024K, 0% used [0x00000000eab00000,0x00000000eab00000,0x00000000eac00000)
  from space 1024K, 96% used [0x00000000ead80000,0x00000000eae77b10,0x00000000eae80000)
  to   space 1536K, 0% used [0x00000000eac00000,0x00000000eac00000,0x00000000ead80000)
 ParOldGen       total 256512K, used 256158K [0x00000000c0000000, 0x00000000cfa80000, 0x00000000eab00000)
  object space 256512K, 99% used [0x00000000c0000000,0x00000000cfa27898,0x00000000cfa80000)
 Metaspace       used 85931K, committed 87040K, reserved 1179648K
  class space    used 8515K, committed 9024K, reserved 1048576K
GC Heap History (20 events):
Event: 17855.857 GC heap after
{Heap after GC invocations=5555 (full 90):
 PSYoungGen      total 3072K, used 944K [0x00000000eab00000, 0x00000000eb000000, 0x0000000100000000)
  eden space 2048K, 0% used [0x00000000eab00000,0x00000000eab00000,0x00000000ead00000)
  from space 1024K, 92% used [0x00000000ead00000,0x00000000eadec010,0x00000000eae00000)
  to   space 1536K, 0% used [0x00000000eae80000,0x00000000eae80000,0x00000000eb000000)
 ParOldGen       total 256512K, used 251171K [0x00000000c0000000, 0x00000000cfa80000, 0x00000000eab00000)
  object space 256512K, 97% used [0x00000000c0000000,0x00000000cf548ca8,0x00000000cfa80000)
 Metaspace       used 85931K, committed 87040K, reserved 1179648K
  class space    used 8515K, committed 9024K, reserved 1048576K
}
Event: 17855.863 GC heap before
{Heap before GC invocations=5556 (full 90):
 PSYoungGen      total 3072K, used 2992K [0x00000000eab00000, 0x00000000eb000000, 0x0000000100000000)
  eden space 2048K, 100% used [0x00000000eab00000,0x00000000ead00000,0x00000000ead00000)
  from space 1024K, 92% used [0x00000000ead00000,0x00000000eadec010,0x00000000eae00000)
  to   space 1536K, 0% used [0x00000000eae80000,0x00000000eae80000,0x00000000eb000000)
 ParOldGen       total 256512K, used 251171K [0x00000000c0000000, 0x00000000cfa80000, 0x00000000eab00000)
  object space 256512K, 97% used [0x00000000c0000000,0x00000000cf548ca8,0x00000000cfa80000)
 Metaspace       used 85931K, committed 87040K, reserved 1179648K
  class space    used 8515K, committed 9024K, reserved 1048576K
}
Event: 17855.865 GC heap after
{Heap after GC invocations=5556 (full 90):
 PSYoungGen      total 2560K, used 480K [0x00000000eab00000, 0x00000000eaf00000, 0x0000000100000000)
  eden space 2048K, 0% used [0x00000000eab00000,0x00000000eab00000,0x00000000ead00000)
  from space 512K, 93% used [0x00000000eae80000,0x00000000eaef8000,0x00000000eaf00000)
  to   space 1024K, 0% used [0x00000000ead00000,0x00000000ead00000,0x00000000eae00000)
 ParOldGen       total 256512K, used 251959K [0x00000000c0000000, 0x00000000cfa80000, 0x00000000eab00000)
  object space 256512K, 98% used [0x00000000c0000000,0x00000000cf60dfe8,0x00000000cfa80000)
 Metaspace       used 85931K, committed 87040K, reserved 1179648K
  class space    used 8515K, committed 9024K, reserved 1048576K
}
Event: 17855.868 GC heap before
{Heap before GC invocations=5557 (full 90):
 PSYoungGen      total 2560K, used 2528K [0x00000000eab00000, 0x00000000eaf00000, 0x0000000100000000)
  eden space 2048K, 100% used [0x00000000eab00000,0x00000000ead00000,0x00000000ead00000)
  from space 512K, 93% used [0x00000000eae80000,0x00000000eaef8000,0x00000000eaf00000)
  to   space 1024K, 0% used [0x00000000ead00000,0x00000000ead00000,0x00000000eae00000)
 ParOldGen       total 256512K, used 251959K [0x00000000c0000000, 0x00000000cfa80000, 0x00000000eab00000)
  object space 256512K, 98% used [0x00000000c0000000,0x00000000cf60dfe8,0x00000000cfa80000)
 Metaspace       used 85931K, committed 87040K, reserved 1179648K
  class space    used 8515K, committed 9024K, reserved 1048576K
}
Event: 17855.869 GC heap after
{Heap after GC invocations=5557 (full 90):
 PSYoungGen      total 3072K, used 512K [0x00000000eab00000, 0x00000000eaf00000, 0x0000000100000000)
  eden space 2048K, 0% used [0x00000000eab00000,0x00000000eab00000,0x00000000ead00000)
  from space 1024K, 50% used [0x00000000ead00000,0x00000000ead80000,0x00000000eae00000)
  to   space 1024K, 0% used [0x00000000eae00000,0x00000000eae00000,0x00000000eaf00000)
 ParOldGen       total 256512K, used 252183K [0x00000000c0000000, 0x00000000cfa80000, 0x00000000eab00000)
  object space 256512K, 98% used [0x00000000c0000000,0x00000000cf645fe8,0x00000000cfa80000)
 Metaspace       used 85931K, committed 87040K, reserved 1179648K
  class space    used 8515K, committed 9024K, reserved 1048576K
}
Event: 17855.874 GC heap before
{Heap before GC invocations=5558 (full 90):
 PSYoungGen      total 3072K, used 2560K [0x00000000eab00000, 0x00000000eaf00000, 0x0000000100000000)
  eden space 2048K, 100% used [0x00000000eab00000,0x00000000ead00000,0x00000000ead00000)
  from space 1024K, 50% used [0x00000000ead00000,0x00000000ead80000,0x00000000eae00000)
  to   space 1024K, 0% used [0x00000000eae00000,0x00000000eae00000,0x00000000eaf00000)
 ParOldGen       total 256512K, used 252183K [0x00000000c0000000, 0x00000000cfa80000, 0x00000000eab00000)
  object space 256512K, 98% used [0x00000000c0000000,0x00000000cf645fe8,0x00000000cfa80000)
 Metaspace       used 85931K, committed 87040K, reserved 1179648K
  class space    used 8515K, committed 9024K, reserved 1048576K
}
Event: 17855.875 GC heap after
{Heap after GC invocations=5558 (full 90):
 PSYoungGen      total 2560K, used 1024K [0x00000000eab00000, 0x00000000eb000000, 0x0000000100000000)
  eden space 1536K, 0% used [0x00000000eab00000,0x00000000eab00000,0x00000000eac80000)
  from space 1024K, 100% used [0x00000000eae00000,0x00000000eaf00000,0x00000000eaf00000)
  to   space 1536K, 0% used [0x00000000eac80000,0x00000000eac80000,0x00000000eae00000)
 ParOldGen       total 256512K, used 252494K [0x00000000c0000000, 0x00000000cfa80000, 0x00000000eab00000)
  object space 256512K, 98% used [0x00000000c0000000,0x00000000cf693a48,0x00000000cfa80000)
 Metaspace       used 85931K, committed 87040K, reserved 1179648K
  class space    used 8515K, committed 9024K, reserved 1048576K
}
Event: 17855.877 GC heap before
{Heap before GC invocations=5559 (full 90):
 PSYoungGen      total 2560K, used 2560K [0x00000000eab00000, 0x00000000eb000000, 0x0000000100000000)
  eden space 1536K, 100% used [0x00000000eab00000,0x00000000eac80000,0x00000000eac80000)
  from space 1024K, 100% used [0x00000000eae00000,0x00000000eaf00000,0x00000000eaf00000)
  to   space 1536K, 0% used [0x00000000eac80000,0x00000000eac80000,0x00000000eae00000)
 ParOldGen       total 256512K, used 252494K [0x00000000c0000000, 0x00000000cfa80000, 0x00000000eab00000)
  object space 256512K, 98% used [0x00000000c0000000,0x00000000cf693a48,0x00000000cfa80000)
 Metaspace       used 85931K, committed 87040K, reserved 1179648K
  class space    used 8515K, committed 9024K, reserved 1048576K
}
Event: 17855.878 GC heap after
{Heap after GC invocations=5559 (full 90):
 PSYoungGen      total 2560K, used 832K [0x00000000eab00000, 0x00000000eae80000, 0x0000000100000000)
  eden space 1536K, 0% used [0x00000000eab00000,0x00000000eab00000,0x00000000eac80000)
  from space 1024K, 81% used [0x00000000eac80000,0x00000000ead50000,0x00000000ead80000)
  to   space 1024K, 0% used [0x00000000ead80000,0x00000000ead80000,0x00000000eae80000)
 ParOldGen       total 256512K, used 253307K [0x00000000c0000000, 0x00000000cfa80000, 0x00000000eab00000)
  object space 256512K, 98% used [0x00000000c0000000,0x00000000cf75eee8,0x00000000cfa80000)
 Metaspace       used 85931K, committed 87040K, reserved 1179648K
  class space    used 8515K, committed 9024K, reserved 1048576K
}
Event: 17855.882 GC heap before
{Heap before GC invocations=5560 (full 90):
 PSYoungGen      total 2560K, used 2368K [0x00000000eab00000, 0x00000000eae80000, 0x0000000100000000)
  eden space 1536K, 100% used [0x00000000eab00000,0x00000000eac80000,0x00000000eac80000)
  from space 1024K, 81% used [0x00000000eac80000,0x00000000ead50000,0x00000000ead80000)
  to   space 1024K, 0% used [0x00000000ead80000,0x00000000ead80000,0x00000000eae80000)
 ParOldGen       total 256512K, used 253307K [0x00000000c0000000, 0x00000000cfa80000, 0x00000000eab00000)
  object space 256512K, 98% used [0x00000000c0000000,0x00000000cf75eee8,0x00000000cfa80000)
 Metaspace       used 85931K, committed 87040K, reserved 1179648K
  class space    used 8515K, committed 9024K, reserved 1048576K
}
Event: 17855.883 GC heap after
{Heap after GC invocations=5560 (full 90):
 PSYoungGen      total 2560K, used 832K [0x00000000eab00000, 0x00000000eae80000, 0x0000000100000000)
  eden space 1536K, 0% used [0x00000000eab00000,0x00000000eab00000,0x00000000eac80000)
  from space 1024K, 81% used [0x00000000ead80000,0x00000000eae50000,0x00000000eae80000)
  to   space 1024K, 0% used [0x00000000eac80000,0x00000000eac80000,0x00000000ead80000)
 ParOldGen       total 256512K, used 253944K [0x00000000c0000000, 0x00000000cfa80000, 0x00000000eab00000)
  object space 256512K, 98% used [0x00000000c0000000,0x00000000cf7fe388,0x00000000cfa80000)
 Metaspace       used 85931K, committed 87040K, reserved 1179648K
  class space    used 8515K, committed 9024K, reserved 1048576K
}
Event: 17855.886 GC heap before
{Heap before GC invocations=5561 (full 90):
 PSYoungGen      total 2560K, used 2368K [0x00000000eab00000, 0x00000000eae80000, 0x0000000100000000)
  eden space 1536K, 100% used [0x00000000eab00000,0x00000000eac80000,0x00000000eac80000)
  from space 1024K, 81% used [0x00000000ead80000,0x00000000eae50000,0x00000000eae80000)
  to   space 1024K, 0% used [0x00000000eac80000,0x00000000eac80000,0x00000000ead80000)
 ParOldGen       total 256512K, used 253944K [0x00000000c0000000, 0x00000000cfa80000, 0x00000000eab00000)
  object space 256512K, 98% used [0x00000000c0000000,0x00000000cf7fe388,0x00000000cfa80000)
 Metaspace       used 85931K, committed 87040K, reserved 1179648K
  class space    used 8515K, committed 9024K, reserved 1048576K
}
Event: 17855.887 GC heap after
{Heap after GC invocations=5561 (full 90):
 PSYoungGen      total 2560K, used 784K [0x00000000eab00000, 0x00000000eae80000, 0x0000000100000000)
  eden space 1536K, 0% used [0x00000000eab00000,0x00000000eab00000,0x00000000eac80000)
  from space 1024K, 76% used [0x00000000eac80000,0x00000000ead44010,0x00000000ead80000)
  to   space 1024K, 0% used [0x00000000ead80000,0x00000000ead80000,0x00000000eae80000)
 ParOldGen       total 256512K, used 254590K [0x00000000c0000000, 0x00000000cfa80000, 0x00000000eab00000)
  object space 256512K, 99% used [0x00000000c0000000,0x00000000cf89f980,0x00000000cfa80000)
 Metaspace       used 85931K, committed 87040K, reserved 1179648K
  class space    used 8515K, committed 9024K, reserved 1048576K
}
Event: 17856.591 GC heap before
{Heap before GC invocations=5562 (full 90):
 PSYoungGen      total 2560K, used 2319K [0x00000000eab00000, 0x00000000eae80000, 0x0000000100000000)
  eden space 1536K, 99% used [0x00000000eab00000,0x00000000eac7ff78,0x00000000eac80000)
  from space 1024K, 76% used [0x00000000eac80000,0x00000000ead44010,0x00000000ead80000)
  to   space 1024K, 0% used [0x00000000ead80000,0x00000000ead80000,0x00000000eae80000)
 ParOldGen       total 256512K, used 254590K [0x00000000c0000000, 0x00000000cfa80000, 0x00000000eab00000)
  object space 256512K, 99% used [0x00000000c0000000,0x00000000cf89f980,0x00000000cfa80000)
 Metaspace       used 85931K, committed 87040K, reserved 1179648K
  class space    used 8515K, committed 9024K, reserved 1048576K
}
Event: 17856.592 GC heap after
{Heap after GC invocations=5562 (full 90):
 PSYoungGen      total 2560K, used 752K [0x00000000eab00000, 0x00000000eae80000, 0x0000000100000000)
  eden space 1536K, 0% used [0x00000000eab00000,0x00000000eab00000,0x00000000eac80000)
  from space 1024K, 73% used [0x00000000ead80000,0x00000000eae3c010,0x00000000eae80000)
  to   space 1024K, 0% used [0x00000000eac80000,0x00000000eac80000,0x00000000ead80000)
 ParOldGen       total 256512K, used 255194K [0x00000000c0000000, 0x00000000cfa80000, 0x00000000eab00000)
  object space 256512K, 99% used [0x00000000c0000000,0x00000000cf9369b8,0x00000000cfa80000)
 Metaspace       used 85931K, committed 87040K, reserved 1179648K
  class space    used 8515K, committed 9024K, reserved 1048576K
}
Event: 17857.322 GC heap before
{Heap before GC invocations=5563 (full 90):
 PSYoungGen      total 2560K, used 2287K [0x00000000eab00000, 0x00000000eae80000, 0x0000000100000000)
  eden space 1536K, 99% used [0x00000000eab00000,0x00000000eac7ffb8,0x00000000eac80000)
  from space 1024K, 73% used [0x00000000ead80000,0x00000000eae3c010,0x00000000eae80000)
  to   space 1024K, 0% used [0x00000000eac80000,0x00000000eac80000,0x00000000ead80000)
 ParOldGen       total 256512K, used 255194K [0x00000000c0000000, 0x00000000cfa80000, 0x00000000eab00000)
  object space 256512K, 99% used [0x00000000c0000000,0x00000000cf9369b8,0x00000000cfa80000)
 Metaspace       used 85931K, committed 87040K, reserved 1179648K
  class space    used 8515K, committed 9024K, reserved 1048576K
}
Event: 17857.323 GC heap after
{Heap after GC invocations=5563 (full 90):
 PSYoungGen      total 2560K, used 704K [0x00000000eab00000, 0x00000000eae80000, 0x0000000100000000)
  eden space 1536K, 0% used [0x00000000eab00000,0x00000000eab00000,0x00000000eac80000)
  from space 1024K, 68% used [0x00000000eac80000,0x00000000ead30000,0x00000000ead80000)
  to   space 1024K, 0% used [0x00000000ead80000,0x00000000ead80000,0x00000000eae80000)
 ParOldGen       total 256512K, used 255711K [0x00000000c0000000, 0x00000000cfa80000, 0x00000000eab00000)
  object space 256512K, 99% used [0x00000000c0000000,0x00000000cf9b7e58,0x00000000cfa80000)
 Metaspace       used 85931K, committed 87040K, reserved 1179648K
  class space    used 8515K, committed 9024K, reserved 1048576K
}
Event: 17857.334 GC heap before
{Heap before GC invocations=5564 (full 90):
 PSYoungGen      total 2560K, used 2240K [0x00000000eab00000, 0x00000000eae80000, 0x0000000100000000)
  eden space 1536K, 100% used [0x00000000eab00000,0x00000000eac80000,0x00000000eac80000)
  from space 1024K, 68% used [0x00000000eac80000,0x00000000ead30000,0x00000000ead80000)
  to   space 1024K, 0% used [0x00000000ead80000,0x00000000ead80000,0x00000000eae80000)
 ParOldGen       total 256512K, used 255711K [0x00000000c0000000, 0x00000000cfa80000, 0x00000000eab00000)
  object space 256512K, 99% used [0x00000000c0000000,0x00000000cf9b7e58,0x00000000cfa80000)
 Metaspace       used 85931K, committed 87040K, reserved 1179648K
  class space    used 8515K, committed 9024K, reserved 1048576K
}
Event: 17857.335 GC heap after
{Heap after GC invocations=5564 (full 90):
 PSYoungGen      total 2048K, used 990K [0x00000000eab00000, 0x00000000eaf80000, 0x0000000100000000)
  eden space 1024K, 0% used [0x00000000eab00000,0x00000000eab00000,0x00000000eac00000)
  from space 1024K, 96% used [0x00000000ead80000,0x00000000eae77b10,0x00000000eae80000)
  to   space 1536K, 0% used [0x00000000eac00000,0x00000000eac00000,0x00000000ead80000)
 ParOldGen       total 256512K, used 256158K [0x00000000c0000000, 0x00000000cfa80000, 0x00000000eab00000)
  object space 256512K, 99% used [0x00000000c0000000,0x00000000cfa27898,0x00000000cfa80000)
 Metaspace       used 85931K, committed 87040K, reserved 1179648K
  class space    used 8515K, committed 9024K, reserved 1048576K
}
Event: 17857.335 GC heap before
{Heap before GC invocations=5565 (full 91):
 PSYoungGen      total 2048K, used 990K [0x00000000eab00000, 0x00000000eaf80000, 0x0000000100000000)
  eden space 1024K, 0% used [0x00000000eab00000,0x00000000eab00000,0x00000000eac00000)
  from space 1024K, 96% used [0x00000000ead80000,0x00000000eae77b10,0x00000000eae80000)
  to   space 1536K, 0% used [0x00000000eac00000,0x00000000eac00000,0x00000000ead80000)
 ParOldGen       total 256512K, used 256158K [0x00000000c0000000, 0x00000000cfa80000, 0x00000000eab00000)
  object space 256512K, 99% used [0x00000000c0000000,0x00000000cfa27898,0x00000000cfa80000)
 Metaspace       used 85931K, committed 87040K, reserved 1179648K
  class space    used 8515K, committed 9024K, reserved 1048576K
}

